Determining if the pthread_create exist failed with the following output:
Change Dir: /home/pi/doda_ws/build/CMakeFiles/CMakeTmp

Run Build Command:"/usr/bin/make" "cmTryCompileExec3954158326/fast"
/usr/bin/make -f CMakeFiles/cmTryCompileExec3954158326.dir/build.make CMakeFiles/cmTryCompileExec3954158326.dir/build
make[1]: Entering directory '/home/pi/doda_ws/build/CMakeFiles/CMakeTmp'
/usr/bin/cmake -E cmake_progress_report /home/pi/doda_ws/build/CMakeFiles/CMakeTmp/CMakeFiles 1
Building C object CMakeFiles/cmTryCompileExec3954158326.dir/CheckSymbolExists.c.o
/usr/bin/cc    -o CMakeFiles/cmTryCompileExec3954158326.dir/CheckSymbolExists.c.o   -c /home/pi/doda_ws/build/CMakeFiles/CMakeTmp/CheckSymbolExists.c
Linking C executable cmTryCompileExec3954158326
/usr/bin/cmake -E cmake_link_script CMakeFiles/cmTryCompileExec3954158326.dir/link.txt --verbose=1
/usr/bin/cc       CMakeFiles/cmTryCompileExec3954158326.dir/CheckSymbolExists.c.o  -o cmTryCompileExec3954158326 -rdynamic 
CMakeFiles/cmTryCompileExec3954158326.dir/CheckSymbolExists.c.o: In function `main':
CheckSymbolExists.c:(.text+0x38): undefined reference to `pthread_create'
collect2: error: ld returned 1 exit status
CMakeFiles/cmTryCompileExec3954158326.dir/build.make:88: recipe for target 'cmTryCompileExec3954158326' failed
make[1]: *** [cmTryCompileExec3954158326] Error 1
make[1]: Leaving directory '/home/pi/doda_ws/build/CMakeFiles/CMakeTmp'
Makefile:118: recipe for target 'cmTryCompileExec3954158326/fast' failed
make: *** [cmTryCompileExec3954158326/fast] Error 2

File /home/pi/doda_ws/build/CMakeFiles/CMakeTmp/CheckSymbolExists.c:
/* */
#include <pthread.h>

int main(int argc, char** argv)
{
  (void)argv;
#ifndef pthread_create
  return ((int*)(&pthread_create))[argc];
#else
  (void)argc;
  return 0;
#endif
}

Determining if the function pthread_create exists in the pthreads failed with the following output:
Change Dir: /home/pi/doda_ws/build/CMakeFiles/CMakeTmp

Run Build Command:"/usr/bin/make" "cmTryCompileExec1851023269/fast"
/usr/bin/make -f CMakeFiles/cmTryCompileExec1851023269.dir/build.make CMakeFiles/cmTryCompileExec1851023269.dir/build
make[1]: Entering directory '/home/pi/doda_ws/build/CMakeFiles/CMakeTmp'
/usr/bin/cmake -E cmake_progress_report /home/pi/doda_ws/build/CMakeFiles/CMakeTmp/CMakeFiles 1
Building C object CMakeFiles/cmTryCompileExec1851023269.dir/CheckFunctionExists.c.o
/usr/bin/cc   -DCHECK_FUNCTION_EXISTS=pthread_create   -o CMakeFiles/cmTryCompileExec1851023269.dir/CheckFunctionExists.c.o   -c /usr/share/cmake-3.0/Modules/CheckFunctionExists.c
Linking C executable cmTryCompileExec1851023269
/usr/bin/cmake -E cmake_link_script CMakeFiles/cmTryCompileExec1851023269.dir/link.txt --verbose=1
/usr/bin/cc   -DCHECK_FUNCTION_EXISTS=pthread_create    CMakeFiles/cmTryCompileExec1851023269.dir/CheckFunctionExists.c.o  -o cmTryCompileExec1851023269 -rdynamic -lpthreads 
/usr/bin/ld: cannot find -lpthreads
collect2: error: ld returned 1 exit status
CMakeFiles/cmTryCompileExec1851023269.dir/build.make:88: recipe for target 'cmTryCompileExec1851023269' failed
make[1]: Leaving directory '/home/pi/doda_ws/build/CMakeFiles/CMakeTmp'
make[1]: *** [cmTryCompileExec1851023269] Error 1
Makefile:118: recipe for target 'cmTryCompileExec1851023269/fast' failed
make: *** [cmTryCompileExec1851023269/fast] Error 2


